[2024-10-27 04:48:01] Request received
{
    "uri": "\/login",
    "method": "GET",
    "authenticated": true,
    "session": {
        "user_id": 1,
        "user_name": "Yesenlee Newman",
        "user_type": "D"
    },
    "parts": [
        "",
        "login"
    ]
}
[2024-10-27 04:48:01] Authenticated user accessing login page, redirecting to dashboard

[2024-10-27 04:48:01] Request received
{
    "uri": "\/dashboard",
    "method": "GET",
    "authenticated": true,
    "session": {
        "user_id": 1,
        "user_name": "Yesenlee Newman",
        "user_type": "D"
    },
    "parts": [
        "",
        "dashboard"
    ]
}
[2024-10-27 04:48:01] Authenticated user accessing login page, redirecting to dashboard

[2024-10-27 04:48:01] Request received
{
    "uri": "\/dashboard",
    "method": "GET",
    "authenticated": true,
    "session": {
        "user_id": 1,
        "user_name": "Yesenlee Newman",
        "user_type": "D"
    },
    "parts": [
        "",
        "dashboard"
    ]
}
[2024-10-27 04:48:01] Authenticated user accessing login page, redirecting to dashboard

[2024-10-27 04:48:01] Request received
{
    "uri": "\/dashboard",
    "method": "GET",
    "authenticated": true,
    "session": {
        "user_id": 1,
        "user_name": "Yesenlee Newman",
        "user_type": "D"
    },
    "parts": [
        "",
        "dashboard"
    ]
}
[2024-10-27 04:48:01] Authenticated user accessing login page, redirecting to dashboard

[2024-10-27 04:48:01] Request received
{
    "uri": "\/dashboard",
    "method": "GET",
    "authenticated": true,
    "session": {
        "user_id": 1,
        "user_name": "Yesenlee Newman",
        "user_type": "D"
    },
    "parts": [
        "",
        "dashboard"
    ]
}
[2024-10-27 04:48:01] Authenticated user accessing login page, redirecting to dashboard

[2024-10-27 04:48:01] Request received
{
    "uri": "\/dashboard",
    "method": "GET",
    "authenticated": true,
    "session": {
        "user_id": 1,
        "user_name": "Yesenlee Newman",
        "user_type": "D"
    },
    "parts": [
        "",
        "dashboard"
    ]
}
[2024-10-27 04:48:01] Authenticated user accessing login page, redirecting to dashboard

[2024-10-27 04:48:01] Request received
{
    "uri": "\/dashboard",
    "method": "GET",
    "authenticated": true,
    "session": {
        "user_id": 1,
        "user_name": "Yesenlee Newman",
        "user_type": "D"
    },
    "parts": [
        "",
        "dashboard"
    ]
}
[2024-10-27 04:48:01] Authenticated user accessing login page, redirecting to dashboard

[2024-10-27 04:48:01] Request received
{
    "uri": "\/dashboard",
    "method": "GET",
    "authenticated": true,
    "session": {
        "user_id": 1,
        "user_name": "Yesenlee Newman",
        "user_type": "D"
    },
    "parts": [
        "",
        "dashboard"
    ]
}
[2024-10-27 04:48:01] Authenticated user accessing login page, redirecting to dashboard

[2024-10-27 04:48:01] Request received
{
    "uri": "\/dashboard",
    "method": "GET",
    "authenticated": true,
    "session": {
        "user_id": 1,
        "user_name": "Yesenlee Newman",
        "user_type": "D"
    },
    "parts": [
        "",
        "dashboard"
    ]
}
[2024-10-27 04:48:01] Authenticated user accessing login page, redirecting to dashboard

[2024-10-27 04:48:01] Request received
{
    "uri": "\/dashboard",
    "method": "GET",
    "authenticated": true,
    "session": {
        "user_id": 1,
        "user_name": "Yesenlee Newman",
        "user_type": "D"
    },
    "parts": [
        "",
        "dashboard"
    ]
}
[2024-10-27 04:48:01] Authenticated user accessing login page, redirecting to dashboard

[2024-10-27 04:48:01] Request received
{
    "uri": "\/dashboard",
    "method": "GET",
    "authenticated": true,
    "session": {
        "user_id": 1,
        "user_name": "Yesenlee Newman",
        "user_type": "D"
    },
    "parts": [
        "",
        "dashboard"
    ]
}
[2024-10-27 04:48:01] Authenticated user accessing login page, redirecting to dashboard

[2024-10-27 04:48:01] Request received
{
    "uri": "\/dashboard",
    "method": "GET",
    "authenticated": true,
    "session": {
        "user_id": 1,
        "user_name": "Yesenlee Newman",
        "user_type": "D"
    },
    "parts": [
        "",
        "dashboard"
    ]
}
[2024-10-27 04:48:01] Authenticated user accessing login page, redirecting to dashboard

[2024-10-27 04:48:01] Request received
{
    "uri": "\/dashboard",
    "method": "GET",
    "authenticated": true,
    "session": {
        "user_id": 1,
        "user_name": "Yesenlee Newman",
        "user_type": "D"
    },
    "parts": [
        "",
        "dashboard"
    ]
}
[2024-10-27 04:48:01] Authenticated user accessing login page, redirecting to dashboard

[2024-10-27 04:48:01] Request received
{
    "uri": "\/dashboard",
    "method": "GET",
    "authenticated": true,
    "session": {
        "user_id": 1,
        "user_name": "Yesenlee Newman",
        "user_type": "D"
    },
    "parts": [
        "",
        "dashboard"
    ]
}
[2024-10-27 04:48:01] Authenticated user accessing login page, redirecting to dashboard

[2024-10-27 04:48:01] Request received
{
    "uri": "\/dashboard",
    "method": "GET",
    "authenticated": true,
    "session": {
        "user_id": 1,
        "user_name": "Yesenlee Newman",
        "user_type": "D"
    },
    "parts": [
        "",
        "dashboard"
    ]
}
[2024-10-27 04:48:01] Authenticated user accessing login page, redirecting to dashboard

[2024-10-27 04:48:01] Request received
{
    "uri": "\/dashboard",
    "method": "GET",
    "authenticated": true,
    "session": {
        "user_id": 1,
        "user_name": "Yesenlee Newman",
        "user_type": "D"
    },
    "parts": [
        "",
        "dashboard"
    ]
}
[2024-10-27 04:48:01] Authenticated user accessing login page, redirecting to dashboard

[2024-10-27 04:48:01] Request received
{
    "uri": "\/dashboard",
    "method": "GET",
    "authenticated": true,
    "session": {
        "user_id": 1,
        "user_name": "Yesenlee Newman",
        "user_type": "D"
    },
    "parts": [
        "",
        "dashboard"
    ]
}
[2024-10-27 04:48:01] Authenticated user accessing login page, redirecting to dashboard

[2024-10-27 04:48:01] Request received
{
    "uri": "\/dashboard",
    "method": "GET",
    "authenticated": true,
    "session": {
        "user_id": 1,
        "user_name": "Yesenlee Newman",
        "user_type": "D"
    },
    "parts": [
        "",
        "dashboard"
    ]
}
[2024-10-27 04:48:01] Authenticated user accessing login page, redirecting to dashboard

[2024-10-27 04:48:01] Request received
{
    "uri": "\/dashboard",
    "method": "GET",
    "authenticated": true,
    "session": {
        "user_id": 1,
        "user_name": "Yesenlee Newman",
        "user_type": "D"
    },
    "parts": [
        "",
        "dashboard"
    ]
}
[2024-10-27 04:48:01] Authenticated user accessing login page, redirecting to dashboard

[2024-10-27 04:48:01] Request received
{
    "uri": "\/dashboard",
    "method": "GET",
    "authenticated": true,
    "session": {
        "user_id": 1,
        "user_name": "Yesenlee Newman",
        "user_type": "D"
    },
    "parts": [
        "",
        "dashboard"
    ]
}
[2024-10-27 04:48:01] Authenticated user accessing login page, redirecting to dashboard

[2024-10-27 04:48:01] Request received
{
    "uri": "\/login",
    "method": "GET",
    "authenticated": true,
    "session": {
        "user_id": 1,
        "user_name": "Yesenlee Newman",
        "user_type": "D"
    },
    "parts": [
        "",
        "login"
    ]
}
[2024-10-27 04:48:01] Authenticated user accessing login page, redirecting to dashboard

[2024-10-27 04:48:01] Request received
{
    "uri": "\/dashboard",
    "method": "GET",
    "authenticated": true,
    "session": {
        "user_id": 1,
        "user_name": "Yesenlee Newman",
        "user_type": "D"
    },
    "parts": [
        "",
        "dashboard"
    ]
}
[2024-10-27 04:48:01] Authenticated user accessing login page, redirecting to dashboard

[2024-10-27 04:48:01] Request received
{
    "uri": "\/dashboard",
    "method": "GET",
    "authenticated": true,
    "session": {
        "user_id": 1,
        "user_name": "Yesenlee Newman",
        "user_type": "D"
    },
    "parts": [
        "",
        "dashboard"
    ]
}
[2024-10-27 04:48:01] Authenticated user accessing login page, redirecting to dashboard

[2024-10-27 04:48:01] Request received
{
    "uri": "\/dashboard",
    "method": "GET",
    "authenticated": true,
    "session": {
        "user_id": 1,
        "user_name": "Yesenlee Newman",
        "user_type": "D"
    },
    "parts": [
        "",
        "dashboard"
    ]
}
[2024-10-27 04:48:01] Authenticated user accessing login page, redirecting to dashboard

[2024-10-27 04:48:01] Request received
{
    "uri": "\/dashboard",
    "method": "GET",
    "authenticated": true,
    "session": {
        "user_id": 1,
        "user_name": "Yesenlee Newman",
        "user_type": "D"
    },
    "parts": [
        "",
        "dashboard"
    ]
}
[2024-10-27 04:48:01] Authenticated user accessing login page, redirecting to dashboard

[2024-10-27 04:48:01] Request received
{
    "uri": "\/dashboard",
    "method": "GET",
    "authenticated": true,
    "session": {
        "user_id": 1,
        "user_name": "Yesenlee Newman",
        "user_type": "D"
    },
    "parts": [
        "",
        "dashboard"
    ]
}
[2024-10-27 04:48:01] Authenticated user accessing login page, redirecting to dashboard

[2024-10-27 04:48:01] Request received
{
    "uri": "\/dashboard",
    "method": "GET",
    "authenticated": true,
    "session": {
        "user_id": 1,
        "user_name": "Yesenlee Newman",
        "user_type": "D"
    },
    "parts": [
        "",
        "dashboard"
    ]
}
[2024-10-27 04:48:01] Authenticated user accessing login page, redirecting to dashboard

[2024-10-27 04:48:01] Request received
{
    "uri": "\/dashboard",
    "method": "GET",
    "authenticated": true,
    "session": {
        "user_id": 1,
        "user_name": "Yesenlee Newman",
        "user_type": "D"
    },
    "parts": [
        "",
        "dashboard"
    ]
}
[2024-10-27 04:48:01] Authenticated user accessing login page, redirecting to dashboard

[2024-10-27 04:48:01] Request received
{
    "uri": "\/dashboard",
    "method": "GET",
    "authenticated": true,
    "session": {
        "user_id": 1,
        "user_name": "Yesenlee Newman",
        "user_type": "D"
    },
    "parts": [
        "",
        "dashboard"
    ]
}
[2024-10-27 04:48:01] Authenticated user accessing login page, redirecting to dashboard

[2024-10-27 04:48:01] Request received
{
    "uri": "\/dashboard",
    "method": "GET",
    "authenticated": true,
    "session": {
        "user_id": 1,
        "user_name": "Yesenlee Newman",
        "user_type": "D"
    },
    "parts": [
        "",
        "dashboard"
    ]
}
[2024-10-27 04:48:01] Authenticated user accessing login page, redirecting to dashboard

[2024-10-27 04:48:01] Request received
{
    "uri": "\/dashboard",
    "method": "GET",
    "authenticated": true,
    "session": {
        "user_id": 1,
        "user_name": "Yesenlee Newman",
        "user_type": "D"
    },
    "parts": [
        "",
        "dashboard"
    ]
}
[2024-10-27 04:48:01] Authenticated user accessing login page, redirecting to dashboard

[2024-10-27 04:48:01] Request received
{
    "uri": "\/dashboard",
    "method": "GET",
    "authenticated": true,
    "session": {
        "user_id": 1,
        "user_name": "Yesenlee Newman",
        "user_type": "D"
    },
    "parts": [
        "",
        "dashboard"
    ]
}
[2024-10-27 04:48:01] Authenticated user accessing login page, redirecting to dashboard

[2024-10-27 04:48:01] Request received
{
    "uri": "\/dashboard",
    "method": "GET",
    "authenticated": true,
    "session": {
        "user_id": 1,
        "user_name": "Yesenlee Newman",
        "user_type": "D"
    },
    "parts": [
        "",
        "dashboard"
    ]
}
[2024-10-27 04:48:01] Authenticated user accessing login page, redirecting to dashboard

[2024-10-27 04:48:01] Request received
{
    "uri": "\/dashboard",
    "method": "GET",
    "authenticated": true,
    "session": {
        "user_id": 1,
        "user_name": "Yesenlee Newman",
        "user_type": "D"
    },
    "parts": [
        "",
        "dashboard"
    ]
}
[2024-10-27 04:48:01] Authenticated user accessing login page, redirecting to dashboard

[2024-10-27 04:48:01] Request received
{
    "uri": "\/dashboard",
    "method": "GET",
    "authenticated": true,
    "session": {
        "user_id": 1,
        "user_name": "Yesenlee Newman",
        "user_type": "D"
    },
    "parts": [
        "",
        "dashboard"
    ]
}
[2024-10-27 04:48:01] Authenticated user accessing login page, redirecting to dashboard

[2024-10-27 04:48:01] Request received
{
    "uri": "\/dashboard",
    "method": "GET",
    "authenticated": true,
    "session": {
        "user_id": 1,
        "user_name": "Yesenlee Newman",
        "user_type": "D"
    },
    "parts": [
        "",
        "dashboard"
    ]
}
[2024-10-27 04:48:01] Authenticated user accessing login page, redirecting to dashboard

[2024-10-27 04:48:01] Request received
{
    "uri": "\/dashboard",
    "method": "GET",
    "authenticated": true,
    "session": {
        "user_id": 1,
        "user_name": "Yesenlee Newman",
        "user_type": "D"
    },
    "parts": [
        "",
        "dashboard"
    ]
}
[2024-10-27 04:48:01] Authenticated user accessing login page, redirecting to dashboard

[2024-10-27 04:48:01] Request received
{
    "uri": "\/dashboard",
    "method": "GET",
    "authenticated": true,
    "session": {
        "user_id": 1,
        "user_name": "Yesenlee Newman",
        "user_type": "D"
    },
    "parts": [
        "",
        "dashboard"
    ]
}
[2024-10-27 04:48:01] Authenticated user accessing login page, redirecting to dashboard

[2024-10-27 04:48:01] Request received
{
    "uri": "\/dashboard",
    "method": "GET",
    "authenticated": true,
    "session": {
        "user_id": 1,
        "user_name": "Yesenlee Newman",
        "user_type": "D"
    },
    "parts": [
        "",
        "dashboard"
    ]
}
[2024-10-27 04:48:01] Authenticated user accessing login page, redirecting to dashboard

[2024-10-27 04:48:01] Request received
{
    "uri": "\/dashboard",
    "method": "GET",
    "authenticated": true,
    "session": {
        "user_id": 1,
        "user_name": "Yesenlee Newman",
        "user_type": "D"
    },
    "parts": [
        "",
        "dashboard"
    ]
}
[2024-10-27 04:48:01] Authenticated user accessing login page, redirecting to dashboard

[2024-10-27 04:48:02] Request received
{
    "uri": "\/dashboard",
    "method": "GET",
    "authenticated": true,
    "session": {
        "user_id": 1,
        "user_name": "Yesenlee Newman",
        "user_type": "D"
    },
    "parts": [
        "",
        "dashboard"
    ]
}
[2024-10-27 04:48:02] Authenticated user accessing login page, redirecting to dashboard

[2024-10-27 04:48:02] Request received
{
    "uri": "\/dashboard",
    "method": "GET",
    "authenticated": true,
    "session": {
        "user_id": 1,
        "user_name": "Yesenlee Newman",
        "user_type": "D"
    },
    "parts": [
        "",
        "dashboard"
    ]
}
[2024-10-27 04:48:02] Authenticated user accessing login page, redirecting to dashboard

[2024-10-27 04:48:02] Request received
{
    "uri": "\/dashboard",
    "method": "GET",
    "authenticated": true,
    "session": {
        "user_id": 1,
        "user_name": "Yesenlee Newman",
        "user_type": "D"
    },
    "parts": [
        "",
        "dashboard"
    ]
}
[2024-10-27 04:48:02] Authenticated user accessing login page, redirecting to dashboard

[2024-10-27 04:48:02] Request received
{
    "uri": "\/dashboard",
    "method": "GET",
    "authenticated": true,
    "session": {
        "user_id": 1,
        "user_name": "Yesenlee Newman",
        "user_type": "D"
    },
    "parts": [
        "",
        "dashboard"
    ]
}
[2024-10-27 04:48:02] Authenticated user accessing login page, redirecting to dashboard

[2024-10-27 04:48:02] Request received
{
    "uri": "\/dashboard",
    "method": "GET",
    "authenticated": true,
    "session": {
        "user_id": 1,
        "user_name": "Yesenlee Newman",
        "user_type": "D"
    },
    "parts": [
        "",
        "dashboard"
    ]
}
[2024-10-27 04:48:02] Authenticated user accessing login page, redirecting to dashboard

[2024-10-27 04:48:02] Request received
{
    "uri": "\/dashboard",
    "method": "GET",
    "authenticated": true,
    "session": {
        "user_id": 1,
        "user_name": "Yesenlee Newman",
        "user_type": "D"
    },
    "parts": [
        "",
        "dashboard"
    ]
}
[2024-10-27 04:48:02] Authenticated user accessing login page, redirecting to dashboard

[2024-10-27 04:48:02] Request received
{
    "uri": "\/dashboard",
    "method": "GET",
    "authenticated": true,
    "session": {
        "user_id": 1,
        "user_name": "Yesenlee Newman",
        "user_type": "D"
    },
    "parts": [
        "",
        "dashboard"
    ]
}
[2024-10-27 04:48:02] Authenticated user accessing login page, redirecting to dashboard

[2024-10-27 04:48:02] Request received
{
    "uri": "\/dashboard",
    "method": "GET",
    "authenticated": true,
    "session": {
        "user_id": 1,
        "user_name": "Yesenlee Newman",
        "user_type": "D"
    },
    "parts": [
        "",
        "dashboard"
    ]
}
[2024-10-27 04:48:02] Authenticated user accessing login page, redirecting to dashboard

[2024-10-27 04:48:02] Request received
{
    "uri": "\/dashboard",
    "method": "GET",
    "authenticated": true,
    "session": {
        "user_id": 1,
        "user_name": "Yesenlee Newman",
        "user_type": "D"
    },
    "parts": [
        "",
        "dashboard"
    ]
}
[2024-10-27 04:48:02] Authenticated user accessing login page, redirecting to dashboard

[2024-10-27 04:48:02] Request received
{
    "uri": "\/dashboard",
    "method": "GET",
    "authenticated": true,
    "session": {
        "user_id": 1,
        "user_name": "Yesenlee Newman",
        "user_type": "D"
    },
    "parts": [
        "",
        "dashboard"
    ]
}
[2024-10-27 04:48:02] Authenticated user accessing login page, redirecting to dashboard

[2024-10-27 04:48:02] Request received
{
    "uri": "\/dashboard",
    "method": "GET",
    "authenticated": true,
    "session": {
        "user_id": 1,
        "user_name": "Yesenlee Newman",
        "user_type": "D"
    },
    "parts": [
        "",
        "dashboard"
    ]
}
[2024-10-27 04:48:02] Authenticated user accessing login page, redirecting to dashboard

[2024-10-27 04:48:02] Request received
{
    "uri": "\/dashboard",
    "method": "GET",
    "authenticated": true,
    "session": {
        "user_id": 1,
        "user_name": "Yesenlee Newman",
        "user_type": "D"
    },
    "parts": [
        "",
        "dashboard"
    ]
}
[2024-10-27 04:48:02] Authenticated user accessing login page, redirecting to dashboard

[2024-10-27 04:48:02] Request received
{
    "uri": "\/dashboard",
    "method": "GET",
    "authenticated": true,
    "session": {
        "user_id": 1,
        "user_name": "Yesenlee Newman",
        "user_type": "D"
    },
    "parts": [
        "",
        "dashboard"
    ]
}
[2024-10-27 04:48:02] Authenticated user accessing login page, redirecting to dashboard

[2024-10-27 04:48:02] Request received
{
    "uri": "\/dashboard",
    "method": "GET",
    "authenticated": true,
    "session": {
        "user_id": 1,
        "user_name": "Yesenlee Newman",
        "user_type": "D"
    },
    "parts": [
        "",
        "dashboard"
    ]
}
[2024-10-27 04:48:02] Authenticated user accessing login page, redirecting to dashboard

[2024-10-27 04:48:02] Request received
{
    "uri": "\/dashboard",
    "method": "GET",
    "authenticated": true,
    "session": {
        "user_id": 1,
        "user_name": "Yesenlee Newman",
        "user_type": "D"
    },
    "parts": [
        "",
        "dashboard"
    ]
}
[2024-10-27 04:48:02] Authenticated user accessing login page, redirecting to dashboard

[2024-10-27 04:48:03] Request received
{
    "uri": "\/dashboard",
    "method": "GET",
    "authenticated": true,
    "session": {
        "user_id": 1,
        "user_name": "Yesenlee Newman",
        "user_type": "D"
    },
    "parts": [
        "",
        "dashboard"
    ]
}
[2024-10-27 04:48:03] Authenticated user accessing login page, redirecting to dashboard

[2024-10-27 04:48:03] Request received
{
    "uri": "\/dashboard",
    "method": "GET",
    "authenticated": true,
    "session": {
        "user_id": 1,
        "user_name": "Yesenlee Newman",
        "user_type": "D"
    },
    "parts": [
        "",
        "dashboard"
    ]
}
[2024-10-27 04:48:03] Authenticated user accessing login page, redirecting to dashboard

[2024-10-27 04:48:03] Request received
{
    "uri": "\/dashboard",
    "method": "GET",
    "authenticated": true,
    "session": {
        "user_id": 1,
        "user_name": "Yesenlee Newman",
        "user_type": "D"
    },
    "parts": [
        "",
        "dashboard"
    ]
}
[2024-10-27 04:48:03] Authenticated user accessing login page, redirecting to dashboard

[2024-10-27 04:48:03] Request received
{
    "uri": "\/dashboard",
    "method": "GET",
    "authenticated": true,
    "session": {
        "user_id": 1,
        "user_name": "Yesenlee Newman",
        "user_type": "D"
    },
    "parts": [
        "",
        "dashboard"
    ]
}
[2024-10-27 04:48:03] Authenticated user accessing login page, redirecting to dashboard

[2024-10-27 04:48:03] Request received
{
    "uri": "\/dashboard",
    "method": "GET",
    "authenticated": true,
    "session": {
        "user_id": 1,
        "user_name": "Yesenlee Newman",
        "user_type": "D"
    },
    "parts": [
        "",
        "dashboard"
    ]
}
[2024-10-27 04:48:03] Authenticated user accessing login page, redirecting to dashboard

